<?xml version="1.0" encoding="UTF-8"?>
<!-- Generated by org.testng.reporters.JUnitReportReporter -->
<testsuite hostname="IN-FJVCX64" failures="0" tests="1" name="runners.TestRunner" time="16.456" errors="0" timestamp="2025-07-09T09:18:51 IST" skipped="0">
  <testcase classname="runners.TestRunner" name="runScenario" time="16.456"/>
</testsuite> <!-- runners.TestRunner -->
